DEBUG:root:Order:2 9 2.0
DEBUG:root:Finish turn

DEBUG:root:Order:2 10 2.0
DEBUG:root:Finish turn

DEBUG:root:Order:2 17 4.0
DEBUG:root:Finish turn

DEBUG:root:Order:2 18 4.0
DEBUG:root:Finish turn

DEBUG:root:Order:2 11 9.0
DEBUG:root:Finish turn

DEBUG:root:Order:2 12 9.0
DEBUG:root:Order:2 9 72
DEBUG:root:Finish turn

DEBUG:root:Order:2 13 9.0
DEBUG:root:Order:9 2 4
DEBUG:root:Finish turn

DEBUG:root:Order:2 14 9.0
DEBUG:root:Order:9 2 4
DEBUG:root:Finish turn

DEBUG:root:Finish turn

DEBUG:root:Order:2 9 1
DEBUG:root:Finish turn

DEBUG:root:Order:2 15 25.0
DEBUG:root:Order:9 16 25.0
DEBUG:root:Finish turn

DEBUG:root:Order:2 9 1
DEBUG:root:Finish turn

DEBUG:root:Finish turn

DEBUG:root:Order:2 16 23
DEBUG:root:Order:9 16 4
DEBUG:root:Order:9 14 11
DEBUG:root:Order:9 18 6
DEBUG:root:Finish turn

DEBUG:root:Order:2 14 2
DEBUG:root:Order:2 18 1
DEBUG:root:Finish turn

DEBUG:root:Order:9 14 2
DEBUG:root:Order:9 18 1
DEBUG:root:Finish turn

DEBUG:root:Order:2 12 6
DEBUG:root:Order:9 12 3
DEBUG:root:Order:16 12 3
DEBUG:root:Order:18 12 2
DEBUG:root:Order:14 12 1
DEBUG:root:Finish turn

DEBUG:root:Order:2 12 2
DEBUG:root:Order:2 14 1
DEBUG:root:Order:2 18 2
DEBUG:root:Order:9 18 1
DEBUG:root:Finish turn

DEBUG:root:Order:15 14 2
DEBUG:root:Order:15 12 1
DEBUG:root:Order:15 2 3
DEBUG:root:Order:9 2 1
DEBUG:root:Order:18 2 1
DEBUG:root:Finish turn

DEBUG:root:Order:2 14 2
DEBUG:root:Order:2 15 2
DEBUG:root:Order:2 12 1
DEBUG:root:Order:2 18 6
DEBUG:root:Order:9 18 1
DEBUG:root:Finish turn

DEBUG:root:Order:9 18 12
DEBUG:root:Order:12 18 9
DEBUG:root:Order:2 18 1
DEBUG:root:Order:2 15 8
DEBUG:root:Order:14 15 6
DEBUG:root:Bad order:14 3.0 8
DEBUG:root:Finish turn

DEBUG:root:Order:2 18 1
DEBUG:root:Order:2 12 1
DEBUG:root:Order:9 12 1
DEBUG:root:Finish turn

DEBUG:root:Order:2 14 1
DEBUG:root:Order:2 18 1
DEBUG:root:Order:2 16 1
DEBUG:root:Order:9 16 1
DEBUG:root:Finish turn

DEBUG:root:Order:9 14 5
DEBUG:root:Order:16 14 5
DEBUG:root:Order:2 14 4
DEBUG:root:Bad order:12 0.0 3
DEBUG:root:Order:18 14 2
DEBUG:root:Finish turn

DEBUG:root:Order:2 12 7
DEBUG:root:Order:9 12 6
DEBUG:root:Order:16 12 5
DEBUG:root:Order:18 12 1
DEBUG:root:Order:18 14 2
DEBUG:root:Finish turn

DEBUG:root:Order:2 14 2
DEBUG:root:Order:2 12 1
DEBUG:root:Finish turn

DEBUG:root:Order:9 14 2
DEBUG:root:Order:9 12 1
DEBUG:root:Order:9 18 2
DEBUG:root:Order:2 18 1
DEBUG:root:Finish turn

DEBUG:root:Order:2 14 2
DEBUG:root:Order:2 9 1
DEBUG:root:Order:2 12 1
DEBUG:root:Finish turn

DEBUG:root:Finish turn

DEBUG:root:Order:2 14 3
DEBUG:root:Order:9 14 1
DEBUG:root:Order:9 12 2
DEBUG:root:Finish turn

DEBUG:root:Order:2 14 1
DEBUG:root:Order:2 12 2
DEBUG:root:Order:16 12 1
DEBUG:root:Finish turn

DEBUG:root:Order:2 14 1
DEBUG:root:Order:9 14 1
DEBUG:root:Order:9 18 1
DEBUG:root:Finish turn

DEBUG:root:Order:2 14 2
DEBUG:root:Order:2 18 1
DEBUG:root:Finish turn

DEBUG:root:Order:2 14 1
DEBUG:root:Order:9 14 1
DEBUG:root:Order:9 18 1
DEBUG:root:Order:9 12 1
DEBUG:root:Finish turn

DEBUG:root:Order:2 14 2
DEBUG:root:Order:2 18 1
DEBUG:root:Order:2 9 2
DEBUG:root:Finish turn

DEBUG:root:Order:9 14 2
DEBUG:root:Order:9 12 1
DEBUG:root:Order:9 18 1
DEBUG:root:Finish turn

DEBUG:root:Order:2 18 12
DEBUG:root:Order:16 18 11
DEBUG:root:Order:9 18 10
DEBUG:root:Order:12 18 9
DEBUG:root:Order:14 18 8
DEBUG:root:Finish turn

DEBUG:root:Order:2 12 13
DEBUG:root:Order:9 12 12
DEBUG:root:Order:16 12 11
DEBUG:root:Order:14 12 9
DEBUG:root:Order:18 12 8
DEBUG:root:Finish turn

DEBUG:root:Order:2 14 1
DEBUG:root:Order:2 12 2
DEBUG:root:Order:9 12 1
DEBUG:root:Finish turn

DEBUG:root:Order:2 14 6
DEBUG:root:Order:9 14 6
DEBUG:root:Order:12 14 6
DEBUG:root:Order:16 14 5
DEBUG:root:Order:18 14 3
DEBUG:root:Finish turn

DEBUG:root:Order:2 14 2
DEBUG:root:Order:9 14 1
DEBUG:root:Finish turn

DEBUG:root:Order:2 14 3
DEBUG:root:Order:9 14 1
DEBUG:root:Order:9 12 1
DEBUG:root:Order:9 18 1
DEBUG:root:Finish turn

DEBUG:root:Order:2 14 1
DEBUG:root:Order:2 12 2
DEBUG:root:Order:16 12 1
DEBUG:root:Finish turn

DEBUG:root:Order:2 14 1
DEBUG:root:Order:9 14 1
DEBUG:root:Order:9 18 1
DEBUG:root:Finish turn

DEBUG:root:Order:2 14 2
DEBUG:root:Order:2 18 1
DEBUG:root:Finish turn

DEBUG:root:Order:2 14 1
DEBUG:root:Order:9 14 1
DEBUG:root:Order:9 18 1
DEBUG:root:Order:9 12 1
DEBUG:root:Finish turn

DEBUG:root:Order:18 19 77.0
DEBUG:root:Order:2 18 15
DEBUG:root:Order:16 18 13
DEBUG:root:Order:9 18 12
DEBUG:root:Order:12 18 12
DEBUG:root:Order:14 18 10
DEBUG:root:Finish turn

DEBUG:root:Order:2 14 9
DEBUG:root:Order:9 14 8
DEBUG:root:Order:16 14 7
DEBUG:root:Order:12 14 6
DEBUG:root:Finish turn

DEBUG:root:Order:2 14 2
DEBUG:root:Order:2 12 2
DEBUG:root:Order:9 12 1
DEBUG:root:Finish turn

DEBUG:root:Order:9 16 13
DEBUG:root:Order:12 16 13
DEBUG:root:Order:2 16 12
DEBUG:root:Order:14 16 9
DEBUG:root:Finish turn

DEBUG:root:Order:2 14 1
DEBUG:root:Order:2 16 1
DEBUG:root:Order:2 12 2
DEBUG:root:Order:9 12 1
DEBUG:root:Finish turn

DEBUG:root:Order:9 14 1
DEBUG:root:Order:12 14 1
DEBUG:root:Order:12 16 1
DEBUG:root:Finish turn

DEBUG:root:Order:12 20 77.0
DEBUG:root:Order:2 12 17
DEBUG:root:Order:9 12 16
DEBUG:root:Order:16 12 15
DEBUG:root:Order:14 12 12
DEBUG:root:Finish turn

DEBUG:root:Order:2 12 2
DEBUG:root:Order:9 12 1
DEBUG:root:Finish turn

DEBUG:root:Order:2 9 20
DEBUG:root:Order:16 9 18
DEBUG:root:Order:14 9 14
DEBUG:root:Finish turn

DEBUG:root:Order:2 9 1
DEBUG:root:Order:2 14 1
DEBUG:root:Finish turn

DEBUG:root:Order:2 19 5
DEBUG:root:Order:9 19 3
DEBUG:root:Finish turn

DEBUG:root:Order:2 19 9
DEBUG:root:Order:9 19 8
DEBUG:root:Bad order:14 4.0 5
DEBUG:root:Finish turn

DEBUG:root:Order:2 19 4
DEBUG:root:Order:2 14 3
DEBUG:root:Finish turn

DEBUG:root:Bad order:18 7.0 17
DEBUG:root:Order:9 2 13
DEBUG:root:Order:19 2 7
DEBUG:root:Order:14 2 6
DEBUG:root:Finish turn

DEBUG:root:Order:18 2 7
DEBUG:root:Order:9 2 4
DEBUG:root:Order:19 2 2
DEBUG:root:Order:14 2 1
DEBUG:root:Finish turn

DEBUG:root:Order:2 14 1
DEBUG:root:Order:2 18 1
DEBUG:root:Order:9 18 1
DEBUG:root:Finish turn

DEBUG:root:Order:2 14 6
DEBUG:root:Order:9 14 4
DEBUG:root:Order:9 18 4
DEBUG:root:Finish turn

DEBUG:root:Order:2 14 2
DEBUG:root:Order:19 14 1
DEBUG:root:Order:19 9 1
DEBUG:root:Finish turn

DEBUG:root:Order:9 21 81.0
DEBUG:root:Order:2 9 19
DEBUG:root:Order:19 9 16
DEBUG:root:Bad order:14 7.0 15
DEBUG:root:Bad order:16 3.0 11
DEBUG:root:Finish turn

DEBUG:root:Bad order:14 8.0 11
DEBUG:root:Order:14 19 1
DEBUG:root:Finish turn

DEBUG:root:Bad order:12 6.0 16
DEBUG:root:Order:12 19 6
DEBUG:root:Finish turn

DEBUG:root:Bad order:14 10.0 27
DEBUG:root:Order:19 20 23
DEBUG:root:Order:16 20 8
DEBUG:root:Finish turn

DEBUG:root:Bad order:14 17.0 26
DEBUG:root:Order:16 20 1
DEBUG:root:Finish turn

DEBUG:root:Order:14 12 8
DEBUG:root:Order:14 16 7
DEBUG:root:Finish turn

DEBUG:root:Finish turn

DEBUG:root:Finish turn

DEBUG:root:Finish turn

DEBUG:root:Order:12 14 7
DEBUG:root:Finish turn

DEBUG:root:Finish turn

DEBUG:root:Order:12 14 1
DEBUG:root:Finish turn

DEBUG:root:Finish turn

DEBUG:root:Order:12 14 1
DEBUG:root:Finish turn

DEBUG:root:Finish turn

DEBUG:root:Order:21 14 14
DEBUG:root:Order:21 12 12
DEBUG:root:Finish turn

DEBUG:root:Order:21 14 2
DEBUG:root:Order:21 12 1
DEBUG:root:Finish turn

DEBUG:root:Bad order:14 17.0 22
DEBUG:root:Order:12 21 10
DEBUG:root:Finish turn

DEBUG:root:Bad order:14 19.0 21
DEBUG:root:Finish turn

DEBUG:root:Bad order:14 8.0 19
DEBUG:root:Finish turn

DEBUG:root:Bad order:14 9.0 10
DEBUG:root:Finish turn

DEBUG:root:Order:14 21 8
DEBUG:root:Finish turn

DEBUG:root:Order:21 14 1
DEBUG:root:Finish turn

DEBUG:root:Finish turn

DEBUG:root:Finish turn

DEBUG:root:Finish turn

DEBUG:root:Finish turn

DEBUG:root:Finish turn

DEBUG:root:Finish turn

DEBUG:root:Finish turn

DEBUG:root:Finish turn

DEBUG:root:Finish turn

DEBUG:root:Finish turn

DEBUG:root:Finish turn

DEBUG:root:Finish turn

DEBUG:root:Finish turn

